\BOOKMARK [0][-]{chapter*.6}{List of Figures}{}% 1
\BOOKMARK [0][-]{chapter*.7}{List of Tables}{}% 2
\BOOKMARK [0][-]{chapter*.8}{List of Symbols}{}% 3
\BOOKMARK [0][-]{chapter.1}{Introduction}{}% 4
\BOOKMARK [1][-]{section.1.1}{Overview}{chapter.1}% 5
\BOOKMARK [1][-]{section.1.2}{Motivation of the Research Work}{chapter.1}% 6
\BOOKMARK [1][-]{section.1.3}{Contributions of the Thesis}{chapter.1}% 7
\BOOKMARK [1][-]{section.1.4}{Organisation of the Thesis}{chapter.1}% 8
\BOOKMARK [0][-]{chapter.2}{Background}{}% 9
\BOOKMARK [1][-]{section.2.1}{Wireless Sensor Networks Hardware Systems}{chapter.2}% 10
\BOOKMARK [1][-]{section.2.2}{Wireless Sensor Networks Operating Systems}{chapter.2}% 11
\BOOKMARK [1][-]{section.2.3}{Wireless Sensor Networks Simulators}{chapter.2}% 12
\BOOKMARK [1][-]{section.2.4}{Wireless Sensor Networks Testbeds}{chapter.2}% 13
\BOOKMARK [1][-]{section.2.5}{Sensing Coverage and Connectivity}{chapter.2}% 14
\BOOKMARK [2][-]{subsection.2.5.1}{Types of Coverage}{section.2.5}% 15
\BOOKMARK [2][-]{subsection.2.5.2}{Design issues for coverage and connectivity}{section.2.5}% 16
\BOOKMARK [0][-]{chapter.3}{Critical Sensor Density for Partial Coverage under Border Effects in WSNs}{}% 17
\BOOKMARK [1][-]{section.3.1}{Introduction}{chapter.3}% 18
\BOOKMARK [1][-]{section.3.2}{Related Work}{chapter.3}% 19
\BOOKMARK [1][-]{section.3.3}{Estimation of the Effective Sensing Area}{chapter.3}% 20
\BOOKMARK [2][-]{subsection.3.3.1}{Area of the FoI and the boundary region}{section.3.3}% 21
\BOOKMARK [2][-]{subsection.3.3.2}{Effective sensing area near boundary}{section.3.3}% 22
\BOOKMARK [2][-]{subsection.3.3.3}{Expected value of the effective sensing area}{section.3.3}% 23
\BOOKMARK [1][-]{section.3.4}{Conclusion}{chapter.3}% 24
\BOOKMARK [0][-]{chapter.4}{Analysis of k-Coverage and Connectivity in WSNs with Boundary Deployment}{}% 25
\BOOKMARK [1][-]{section.4.1}{Introduction}{chapter.4}% 26
\BOOKMARK [1][-]{section.4.2}{Preliminaries}{chapter.4}% 27
\BOOKMARK [1][-]{section.4.3}{Analysis of the k-Coverage with Boundary Deployment}{chapter.4}% 28
\BOOKMARK [1][-]{section.4.4}{Analysis of Connectivity with Boundary Deployment}{chapter.4}% 29
\BOOKMARK [1][-]{section.4.5}{Minimum Number of Sensors}{chapter.4}% 30
